c:\users\felipe.lopez\downloads\programacion3d\github\practicas\practica3\plantilla3d\project\x64\debug\vc141.pdb
c:\users\felipe.lopez\downloads\programacion3d\github\practicas\practica3\plantilla3d\project\x64\debug\vc141.idb
c:\users\felipe.lopez\downloads\programacion3d\github\practicas\practica3\plantilla3d\project\x64\debug\glew.obj
c:\users\felipe.lopez\downloads\programacion3d\github\practicas\practica3\plantilla3d\project\x64\debug\world.obj
c:\users\felipe.lopez\downloads\programacion3d\github\practicas\practica3\plantilla3d\project\x64\debug\vertex.obj
c:\users\felipe.lopez\downloads\programacion3d\github\practicas\practica3\plantilla3d\project\x64\debug\texture.obj
c:\users\felipe.lopez\downloads\programacion3d\github\practicas\practica3\plantilla3d\project\x64\debug\state.obj
c:\users\felipe.lopez\downloads\programacion3d\github\practicas\practica3\plantilla3d\project\x64\debug\shaders.obj
c:\users\felipe.lopez\downloads\programacion3d\github\practicas\practica3\plantilla3d\project\x64\debug\model.obj
c:\users\felipe.lopez\downloads\programacion3d\github\practicas\practica3\plantilla3d\project\x64\debug\mesh.obj
c:\users\felipe.lopez\downloads\programacion3d\github\practicas\practica3\plantilla3d\project\x64\debug\entity.obj
c:\users\felipe.lopez\downloads\programacion3d\github\practicas\practica3\plantilla3d\project\x64\debug\camera.obj
c:\users\felipe.lopez\downloads\programacion3d\github\practicas\practica3\plantilla3d\project\x64\debug\buffer.obj
c:\users\felipe.lopez\downloads\programacion3d\github\practicas\practica3\plantilla3d\project\x64\debug\main.obj
c:\users\felipe.lopez\downloads\programacion3d\github\practicas\practica3\plantilla3d\project\x64\debug\practica3d.ilk
c:\users\felipe.lopez\downloads\programacion3d\github\practicas\practica3\plantilla3d\project\x64\debug\practica3d.exe
c:\users\felipe.lopez\downloads\programacion3d\github\practicas\practica3\plantilla3d\project\x64\debug\practica3d.pdb
c:\users\felipe.lopez\downloads\programacion3d\github\practicas\practica3\plantilla3d\project\x64\debug\practica3d.tlog\cl.command.1.tlog
c:\users\felipe.lopez\downloads\programacion3d\github\practicas\practica3\plantilla3d\project\x64\debug\practica3d.tlog\cl.read.1.tlog
c:\users\felipe.lopez\downloads\programacion3d\github\practicas\practica3\plantilla3d\project\x64\debug\practica3d.tlog\cl.write.1.tlog
c:\users\felipe.lopez\downloads\programacion3d\github\practicas\practica3\plantilla3d\project\x64\debug\practica3d.tlog\link.command.1.tlog
c:\users\felipe.lopez\downloads\programacion3d\github\practicas\practica3\plantilla3d\project\x64\debug\practica3d.tlog\link.read.1.tlog
c:\users\felipe.lopez\downloads\programacion3d\github\practicas\practica3\plantilla3d\project\x64\debug\practica3d.tlog\link.write.1.tlog
