  main.cpp
c:\users\felipe l\desktop\u-tad\programacion3d-opengl\practica4\plantilla3d\project\buffer.h(7): warning C4099: 'Vertex': nombre de tipo visto anteriormente usando 'struct' ahora se ve usando 'class'
  c:\users\felipe l\desktop\u-tad\programacion3d-opengl\practica4\plantilla3d\project\vertex.h(5): note: vea la declaración de 'Vertex'
c:\users\felipe l\desktop\u-tad\programacion3d-opengl\practica4\plantilla3d\project\mesh.h(8): warning C4099: 'Vertex': nombre de tipo visto anteriormente usando 'struct' ahora se ve usando 'class'
  c:\users\felipe l\desktop\u-tad\programacion3d-opengl\practica4\plantilla3d\project\buffer.h(7): note: vea la declaración de 'Vertex'
  Mesh.cpp
c:\users\felipe l\desktop\u-tad\programacion3d-opengl\practica4\plantilla3d\project\vertex.h(6): warning C4099: 'Vertex': nombre de tipo visto anteriormente usando 'class' ahora se ve usando 'struct'
  c:\users\felipe l\desktop\u-tad\programacion3d-opengl\practica4\plantilla3d\project\vertex.h(5): note: vea la declaración de 'Vertex'
c:\users\felipe l\desktop\u-tad\programacion3d-opengl\practica4\plantilla3d\project\buffer.h(7): warning C4099: 'Vertex': nombre de tipo visto anteriormente usando 'struct' ahora se ve usando 'class'
  c:\users\felipe l\desktop\u-tad\programacion3d-opengl\practica4\plantilla3d\project\vertex.h(5): note: vea la declaración de 'Vertex'
c:\users\felipe l\desktop\u-tad\programacion3d-opengl\practica4\plantilla3d\project\mesh.cpp(50): warning C4267: 'argumento': conversión de 'size_t' a '_Ty'; posible pérdida de datos
          with
          [
              _Ty=unsigned int
          ]
c:\users\felipe l\desktop\u-tad\programacion3d-opengl\practica4\plantilla3d\project\mesh.cpp(52): warning C4267: '=': conversión de 'size_t' a 'unsigned int'; posible pérdida de datos
  Model.cpp
  Generando código...
LINK : warning LNK4098: la biblioteca predeterminada'MSVCRT' entra en conflicto con otras bibliotecas; use la biblioteca /NODEFAULTLIB:biblioteca
  ugine3d.vcxproj -> C:\Users\Felipe L\Desktop\U-Tad\Programacion3D-OpenGL\Practica4\plantilla3d\project\x64\Debug\Practica3D.exe
