  glew.c
  main.cpp
c:\users\felipe.lopez\downloads\programacion3d\github\practicas\practica2\plantilla3d\project\buffer.h(7): warning C4099: 'Vertex': type name first seen using 'struct' now seen using 'class'
  c:\users\felipe.lopez\downloads\programacion3d\github\practicas\practica2\plantilla3d\project\vertex.h(5): note: see declaration of 'Vertex'
  Buffer.cpp
c:\users\felipe.lopez\downloads\programacion3d\github\practicas\practica2\plantilla3d\project\buffer.h(7): warning C4099: 'Vertex': type name first seen using 'struct' now seen using 'class'
  c:\users\felipe.lopez\downloads\programacion3d\github\practicas\practica2\plantilla3d\project\vertex.h(5): note: see declaration of 'Vertex'
  Camera.cpp
  Entity.cpp
  Mesh.cpp
c:\users\felipe.lopez\downloads\programacion3d\github\practicas\practica2\plantilla3d\project\buffer.h(7): warning C4099: 'Vertex': type name first seen using 'struct' now seen using 'class'
  c:\users\felipe.lopez\downloads\programacion3d\github\practicas\practica2\plantilla3d\project\vertex.h(5): note: see declaration of 'Vertex'
  Model.cpp
  Shaders.cpp
  State.cpp
  Vertex.cpp
  World.cpp
  Generating Code...
c:\users\felipe.lopez\downloads\programacion3d\github\practicas\practica2\plantilla3d\project\shaders.cpp(70): warning C4172: returning address of local variable or temporary: errorLog
LINK : warning LNK4098: defaultlib 'MSVCRT' conflicts with use of other libs; use /NODEFAULTLIB:library
  ugine3d.vcxproj -> C:\Users\felipe.lopez\Downloads\Programacion3D\GitHub\Practicas\Practica2\plantilla3d\project\x64\Debug\Practica3D.exe
